#offset position in file, kind, identifier, suggested
 /usr/local/go/src/runtime/alg.go:#1847,func,aeshash,aesHash
 /usr/local/go/src/runtime/alg.go:#1900,func,aeshash32,aesHash32
 /usr/local/go/src/runtime/alg.go:#1955,func,aeshash64,aesHash64
 /usr/local/go/src/runtime/alg.go:#2010,func,aeshashstr,aesHashStr
 /usr/local/go/src/runtime/alg.go:#2067,func,memhash,memHash
 /usr/local/go/src/runtime/alg.go:#2276,func,strhash,strHash
 /usr/local/go/src/runtime/alg.go:#2601,func,f32hash,f32Hash
 /usr/local/go/src/runtime/alg.go:#2855,func,f64hash,f64Hash
 /usr/local/go/src/runtime/alg.go:#3109,func,c64hash,c64Hash
 /usr/local/go/src/runtime/alg.go:#3270,func,c128hash,c128Hash
 /usr/local/go/src/runtime/alg.go:#3432,func,interhash,intErHash
 /usr/local/go/src/runtime/alg.go:#3826,func,nilinterhash,nilIntErHash
 /usr/local/go/src/runtime/alg.go:#4205,func,memequal,memEqual
 /usr/local/go/src/runtime/alg.go:#4320,func,memequal0,memEqual0
 /usr/local/go/src/runtime/alg.go:#4392,func,memequal8,memEqual8
 /usr/local/go/src/runtime/alg.go:#4486,func,memequal16,memEqual16
 /usr/local/go/src/runtime/alg.go:#4583,func,memequal32,memEqual32
 /usr/local/go/src/runtime/alg.go:#4680,func,memequal64,memEqual64
 /usr/local/go/src/runtime/alg.go:#4777,func,memequal128,memEqual128
 /usr/local/go/src/runtime/alg.go:#4881,func,f32equal,f32Equal
 /usr/local/go/src/runtime/alg.go:#4980,func,f64equal,f64Equal
 /usr/local/go/src/runtime/alg.go:#5079,func,c64equal,c64Equal
 /usr/local/go/src/runtime/alg.go:#5182,func,c128equal,c128Equal
 /usr/local/go/src/runtime/alg.go:#5288,func,strequal,strEqual
 /usr/local/go/src/runtime/alg.go:#5385,func,interequal,intErEqual
 /usr/local/go/src/runtime/alg.go:#5519,func,nilinterequal,nilIntErEqual
 /usr/local/go/src/runtime/alg.go:#5638,func,efaceeq,efaceEq
 /usr/local/go/src/runtime/alg.go:#6111,func,ifaceeq,ifaceEq
# /usr/local/go/src/runtime/alg.go:#6676,func,haveGoodHash,haveGoodHash
# /usr/local/go/src/runtime/alg.go:#6725,func,stringHash,stringHash
# /usr/local/go/src/runtime/alg.go:#6866,func,bytesHash,bytesHash
# /usr/local/go/src/runtime/alg.go:#7021,func,int32Hash,int32Hash
# /usr/local/go/src/runtime/alg.go:#7145,func,int64Hash,int64Hash
# /usr/local/go/src/runtime/alg.go:#7269,func,efaceHash,efaceHash
# /usr/local/go/src/runtime/alg.go:#7416,func,ifaceHash,ifaceHash
# /usr/local/go/src/runtime/alg.go:#7597,func,memclrBytes,memclrBytes
 /usr/local/go/src/runtime/alg.go:#7780,func,goalg,goAlg
 /usr/local/go/src/runtime/alg.go:#7955,func,get_random_data,getRandomData
# /usr/local/go/src/runtime/alg.go:#8008,func,init,init
 /usr/local/go/src/runtime/atomic.go:#230,func,xadd,xAdd
 /usr/local/go/src/runtime/atomic.go:#288,func,xadd64,xAdd64
# /usr/local/go/src/runtime/atomic.go:#348,func,xchg,xchg
# /usr/local/go/src/runtime/atomic.go:#405,func,xchg64,xchg64
# /usr/local/go/src/runtime/atomic.go:#464,func,xchgp,xchgp
 /usr/local/go/src/runtime/atomic.go:#545,func,xchguintptr,xchgUintPtr
 /usr/local/go/src/runtime/atomic.go:#612,func,atomicload,atomicLoad
 /usr/local/go/src/runtime/atomic.go:#663,func,atomicload64,atomicLoad64
 /usr/local/go/src/runtime/atomic.go:#716,func,atomicloadp,atomicLoadp
 /usr/local/go/src/runtime/atomic.go:#783,func,atomicor8,atomicOr8
# /usr/local/go/src/runtime/atomic.go:#836,func,cas64,cas64
 /usr/local/go/src/runtime/atomic.go:#897,func,atomicstore,atomicStore
 /usr/local/go/src/runtime/atomic.go:#954,func,atomicstore64,atomicStore64
 /usr/local/go/src/runtime/atomic.go:#1013,func,atomicstorep,atomicStoreP
 /usr/local/go/src/runtime/cgocall.go:#4176,func,cgocall,cgoCall
 /usr/local/go/src/runtime/cgocall.go:#4255,func,cgocall_errno,cgoCallErrno
 /usr/local/go/src/runtime/cgocall.go:#5333,func,endcgo,endCgo
# /usr/local/go/src/runtime/cgocall.go:#5873,func,cmalloc,cmalloc
# /usr/local/go/src/runtime/cgocall.go:#6107,func,cfree,cfree
 /usr/local/go/src/runtime/cgocall.go:#6202,func,cgocallbackg,cgoCallBackg
 /usr/local/go/src/runtime/cgocall.go:#6774,func,cgocallbackg1,cgoCallBackg1
# /usr/local/go/src/runtime/cgocall.go:#8071,func,unwindm,unwindm
 /usr/local/go/src/runtime/cgocall.go:#8516,func,badcgocallback,badCgoCallBack
 /usr/local/go/src/runtime/cgocall.go:#8624,func,cgounimpl,cgoUnimpl
 /usr/local/go/src/runtime/cgocallback.go:#917,func,_cgo_allocate_internal,_CgoAllocAteIntErnal
 /usr/local/go/src/runtime/cgocallback.go:#1191,func,_cgo_panic_internal,_CgoPanicIntErnal
 /usr/local/go/src/runtime/chan.go:#453,func,makechan,makeChan
 /usr/local/go/src/runtime/chan.go:#1927,func,chanbuf,chanBuf
 /usr/local/go/src/runtime/chan.go:#2103,func,chansend1,chanSend1
 /usr/local/go/src/runtime/chan.go:#2562,func,chansend,chanSend
 /usr/local/go/src/runtime/chan.go:#6584,func,closechan,closeChan
 /usr/local/go/src/runtime/chan.go:#7434,func,chanrecv1,chanRecv1
 /usr/local/go/src/runtime/chan.go:#7539,func,chanrecv2,chanRecv2
 /usr/local/go/src/runtime/chan.go:#8009,func,chanrecv,chanRecv
 /usr/local/go/src/runtime/chan.go:#12108,func,recvclosed,recvClosed
 /usr/local/go/src/runtime/chan.go:#12506,func,selectnbsend,selectNbSend
 /usr/local/go/src/runtime/chan.go:#12838,func,selectnbrecv,selectNbRecv
 /usr/local/go/src/runtime/chan.go:#13174,func,selectnbrecv2,selectNbRecv2
 /usr/local/go/src/runtime/chan.go:#13411,func,reflect_chansend,reflectChanSend
 /usr/local/go/src/runtime/chan.go:#13574,func,reflect_chanrecv,reflectChanRecv
 /usr/local/go/src/runtime/chan.go:#13719,func,reflect_chanlen,reflectChanLen
 /usr/local/go/src/runtime/chan.go:#13810,func,reflect_chancap,reflectChanCap
# /usr/local/go/src/runtime/chan.go:#13914,func,enqueue,enqueue
# /usr/local/go/src/runtime/chan.go:#14068,func,dequeue,dequeue
 /usr/local/go/src/runtime/chan.go:#14466,func,racesync,raceSync
# /usr/local/go/src/runtime/complex.go:#182,func,complex128div,complex128div
 /usr/local/go/src/runtime/cpuprof.go:#4116,func,setcpuprofilerate_m,setCpuProfileRateM
 /usr/local/go/src/runtime/cpuprof.go:#4154,func,setcpuprofilerate,setCpuProfileRate
# /usr/local/go/src/runtime/cpuprof.go:#4416,func,lostProfileData,lostProfileData
# /usr/local/go/src/runtime/cpuprof.go:#4811,func,SetCPUProfileRate,SetCPUProfileRate
 /usr/local/go/src/runtime/cpuprof.go:#6502,func,cpuproftick,cpuProfTick
# /usr/local/go/src/runtime/cpuprof.go:#6973,func,add,add
# /usr/local/go/src/runtime/cpuprof.go:#8176,func,evict,evict
 /usr/local/go/src/runtime/cpuprof.go:#8832,func,flushlog,flushLog
 /usr/local/go/src/runtime/cpuprof.go:#9320,func,getprofile,getProfile
 /usr/local/go/src/runtime/cpuprof.go:#11379,func,uintptrBytes,uintPtrBytes
# /usr/local/go/src/runtime/cpuprof.go:#12073,func,CPUProfile,CPUProfile
 /usr/local/go/src/runtime/debug.go:#241,func,Breakpoint,BreakPoint
 /usr/local/go/src/runtime/debug.go:#476,func,LockOSThread,LockOSThRead
 /usr/local/go/src/runtime/debug.go:#669,func,UnlockOSThread,UnlockOSThRead
# /usr/local/go/src/runtime/debug.go:#1000,func,GOMAXPROCS,GOMAXPROCS
# /usr/local/go/src/runtime/debug.go:#1477,func,NumCPU,NumCPU
# /usr/local/go/src/runtime/debug.go:#1593,func,NumCgoCall,NumCgoCall
# /usr/local/go/src/runtime/debug.go:#1827,func,NumGoroutine,NumGoroutine
 /usr/local/go/src/runtime/debug.go:#1878,func,gcount,gcOunt
 /usr/local/go/src/runtime/env_posix.go:#277,func,environ,envirOn
 /usr/local/go/src/runtime/env_posix.go:#302,func,getenv,getEnv
 /usr/local/go/src/runtime/env_posix.go:#478,func,gogetenv,goGetEnv
 /usr/local/go/src/runtime/env_posix.go:#914,func,syscall_setenv_c,sysCallSetEnvC
 /usr/local/go/src/runtime/env_posix.go:#1188,func,syscall_unsetenv_c,sysCallUnSetEnvC
 /usr/local/go/src/runtime/env_posix.go:#1367,func,cstring,cString
# /usr/local/go/src/runtime/error.go:#756,func,RuntimeError,RuntimeError
# /usr/local/go/src/runtime/error.go:#804,func,Error,Error
 /usr/local/go/src/runtime/error.go:#1294,func,newTypeAssertionError,newTypeAssertiOnError
# /usr/local/go/src/runtime/error.go:#1708,func,RuntimeError,RuntimeError
# /usr/local/go/src/runtime/error.go:#1748,func,Error,Error
 /usr/local/go/src/runtime/error.go:#1857,func,typestring,typeString
 /usr/local/go/src/runtime/error.go:#2160,func,printany,printAny
 /usr/local/go/src/runtime/error.go:#2439,func,panicwrap,panicWrap
# /usr/local/go/src/runtime/extern.go:#4747,func,Caller,Caller
# /usr/local/go/src/runtime/extern.go:#6438,func,Callers,Callers
# /usr/local/go/src/runtime/extern.go:#6854,func,GOROOT,GOROOT
 /usr/local/go/src/runtime/extern.go:#7120,func,Version,VersiOn
# /usr/local/go/src/runtime/hashmap.go:#6291,func,evacuated,evacuated
# /usr/local/go/src/runtime/hashmap.go:#6390,func,overflow,overflow
 /usr/local/go/src/runtime/hashmap.go:#6509,func,setoverflow,setOverflow
 /usr/local/go/src/runtime/hashmap.go:#6626,func,makemap,makeMap
 /usr/local/go/src/runtime/hashmap.go:#9177,func,mapaccess1,mapAccess1
 /usr/local/go/src/runtime/hashmap.go:#10452,func,mapaccess2,mapAccess2
 /usr/local/go/src/runtime/hashmap.go:#11850,func,mapaccessK,mapAccessK
 /usr/local/go/src/runtime/hashmap.go:#12953,func,mapassign1,mapAssign1
 /usr/local/go/src/runtime/hashmap.go:#15902,func,mapdelete,mapDelete
 /usr/local/go/src/runtime/hashmap.go:#17142,func,mapiterinit,mapIterInit
 /usr/local/go/src/runtime/hashmap.go:#18320,func,mapiternext,mapIterNext
# /usr/local/go/src/runtime/hashmap.go:#22645,func,hashGrow,hashGrow
# /usr/local/go/src/runtime/hashmap.go:#23224,func,growWork,growWork
# /usr/local/go/src/runtime/hashmap.go:#23572,func,evacuate,evacuate
 /usr/local/go/src/runtime/hashmap.go:#27873,func,ismapkey,isMapKey
 /usr/local/go/src/runtime/hashmap.go:#27991,func,reflect_makemap,reflectMakeMap
 /usr/local/go/src/runtime/hashmap.go:#28057,func,reflect_mapaccess,reflectMapAccess
 /usr/local/go/src/runtime/hashmap.go:#28257,func,reflect_mapassign,reflectMapAssign
 /usr/local/go/src/runtime/hashmap.go:#28374,func,reflect_mapdelete,reflectMapDelete
 /usr/local/go/src/runtime/hashmap.go:#28465,func,reflect_mapiterinit,reflectMapIterInit
 /usr/local/go/src/runtime/hashmap.go:#28575,func,reflect_mapiternext,reflectMapIterNext
 /usr/local/go/src/runtime/hashmap.go:#28633,func,reflect_mapiterkey,reflectMapIterKey
 /usr/local/go/src/runtime/hashmap.go:#28703,func,reflect_maplen,reflectMapLen
 /usr/local/go/src/runtime/hashmap.go:#28919,func,reflect_ismapkey,reflectIsMapKey
 /usr/local/go/src/runtime/hashmap_fast.go:#204,func,mapaccess1_fast32,mapAccess1Fast32
 /usr/local/go/src/runtime/hashmap_fast.go:#1363,func,mapaccess2_fast32,mapAccess2Fast32
 /usr/local/go/src/runtime/hashmap_fast.go:#2550,func,mapaccess1_fast64,mapAccess1Fast64
 /usr/local/go/src/runtime/hashmap_fast.go:#3709,func,mapaccess2_fast64,mapAccess2Fast64
 /usr/local/go/src/runtime/hashmap_fast.go:#4896,func,mapaccess1_faststr,mapAccess1Faststr
 /usr/local/go/src/runtime/hashmap_fast.go:#8129,func,mapaccess2_faststr,mapAccess2Faststr
 /usr/local/go/src/runtime/iface.go:#556,func,getitab,getITab
 /usr/local/go/src/runtime/iface.go:#3231,func,typ2Itab,typ2ITab
 /usr/local/go/src/runtime/iface.go:#3405,func,convT2E,cOnVT2E
 /usr/local/go/src/runtime/iface.go:#3853,func,convT2I,cOnVT2I
# /usr/local/go/src/runtime/iface.go:#4523,func,assertI2T,assertI2T
# /usr/local/go/src/runtime/iface.go:#5006,func,assertI2T2,assertI2T2
# /usr/local/go/src/runtime/iface.go:#5441,func,assertI2TOK,assertI2TOK
# /usr/local/go/src/runtime/iface.go:#5593,func,assertE2T,assertE2T
# /usr/local/go/src/runtime/iface.go:#6045,func,assertE2T2,assertE2T2
# /usr/local/go/src/runtime/iface.go:#6451,func,assertE2TOK,assertE2TOK
 /usr/local/go/src/runtime/iface.go:#6561,func,convI2E,cOnVI2E
# /usr/local/go/src/runtime/iface.go:#6774,func,assertI2E,assertI2E
# /usr/local/go/src/runtime/iface.go:#7122,func,assertI2E2,assertI2E2
 /usr/local/go/src/runtime/iface.go:#7380,func,convI2I,cOnVI2I
# /usr/local/go/src/runtime/iface.go:#7707,func,assertI2I,assertI2I
# /usr/local/go/src/runtime/iface.go:#8147,func,assertI2I2,assertI2I2
# /usr/local/go/src/runtime/iface.go:#8592,func,assertE2I,assertE2I
# /usr/local/go/src/runtime/iface.go:#8951,func,assertE2I2,assertE2I2
 /usr/local/go/src/runtime/iface.go:#9260,func,reflect_ifaceE2I,reflectIfaceE2I
# /usr/local/go/src/runtime/iface.go:#9369,func,assertE2E,assertE2E
# /usr/local/go/src/runtime/iface.go:#9629,func,assertE2E2,assertE2E2
 /usr/local/go/src/runtime/iface.go:#9804,func,ifacethash,ifaceTHash
 /usr/local/go/src/runtime/iface.go:#9951,func,efacethash,efaceTHash
 /usr/local/go/src/runtime/iface.go:#10089,func,iterate_itabs,iterateITabS
# /usr/local/go/src/runtime/iface.go:#10203,func,ifaceE2I2,ifaceE2I2
 /usr/local/go/src/runtime/lock_futex.go:#1016,func,futexsleep,futexSleep
 /usr/local/go/src/runtime/lock_futex.go:#1068,func,futexwakeup,futexwakeUp
# /usr/local/go/src/runtime/lock_futex.go:#1170,func,key32,key32
# /usr/local/go/src/runtime/lock_futex.go:#1243,func,lock,lock
# /usr/local/go/src/runtime/lock_futex.go:#2535,func,unlock,unlock
 /usr/local/go/src/runtime/lock_futex.go:#2994,func,noteclear,noteClear
 /usr/local/go/src/runtime/lock_futex.go:#3034,func,notewakeup,noteWakeUp
 /usr/local/go/src/runtime/lock_futex.go:#3236,func,notesleep,noteSleep
 /usr/local/go/src/runtime/lock_futex.go:#3469,func,notetsleep_internal,noteTSleepIntErnal
 /usr/local/go/src/runtime/lock_futex.go:#4037,func,notetsleep,noteTSleep
 /usr/local/go/src/runtime/lock_futex.go:#4340,func,notetsleepg,noteTSleepG
 /usr/local/go/src/runtime/malloc.go:#1002,func,mallocgc,mallocGc
 /usr/local/go/src/runtime/malloc.go:#9923,func,newobject,newObject
 /usr/local/go/src/runtime/malloc.go:#10143,func,newarray,newArray
 /usr/local/go/src/runtime/malloc.go:#10520,func,rawmem,rawMem
 /usr/local/go/src/runtime/malloc.go:#10653,func,goroundupsize,goRoundUpSize
 /usr/local/go/src/runtime/malloc.go:#10972,func,profilealloc,profileAlloc
 /usr/local/go/src/runtime/malloc.go:#11715,func,gogc,goGc
# /usr/local/go/src/runtime/malloc.go:#13644,func,GC,GC
# /usr/local/go/src/runtime/malloc.go:#16150,func,SetFinalizer,SetFinalizer
# /usr/local/go/src/runtime/malloc.go:#19894,func,round,round
# /usr/local/go/src/runtime/malloc.go:#20143,func,findObject,findObject
 /usr/local/go/src/runtime/malloc.go:#21087,func,createfing,createFing
# /usr/local/go/src/runtime/malloc.go:#21280,func,runfinq,runfinq
 /usr/local/go/src/runtime/malloc.go:#23457,func,persistentalloc,persistentAlloc
# /usr/local/go/src/runtime/mem.go:#2166,func,init,init
# /usr/local/go/src/runtime/mem.go:#2422,func,ReadMemStats,ReadMemStats
# /usr/local/go/src/runtime/mem.go:#2939,func,writeHeapDump,writeHeapDump
 /usr/local/go/src/runtime/mgc0.go:#241,func,gc_m_ptr,gcMPtr
 /usr/local/go/src/runtime/mgc0.go:#338,func,gc_g_ptr,gcGPtr
 /usr/local/go/src/runtime/mgc0.go:#438,func,gc_itab_ptr,gcITabPtr
 /usr/local/go/src/runtime/mgc0.go:#499,func,gc_unixnanotime,gcUnixNanoTime
 /usr/local/go/src/runtime/mgc0.go:#591,func,freeOSMemory,freeOSMemOry
 /usr/local/go/src/runtime/mgc0.go:#697,func,registerPoolCleanup,registerPoolCleanUp
 /usr/local/go/src/runtime/mgc0.go:#754,func,clearpools,clearPools
 /usr/local/go/src/runtime/mgc0.go:#1597,func,gosweepone,goSweepOnE
 /usr/local/go/src/runtime/mgc0.go:#1623,func,gosweepdone,goSweepDone
 /usr/local/go/src/runtime/mgc0.go:#1648,func,bgsweep,bgSweep
 /usr/local/go/src/runtime/mgc0.go:#2159,func,writebarrierptr,writeBarrierptr
 /usr/local/go/src/runtime/mgc0.go:#2237,func,writebarrierstring,writeBarrierString
 /usr/local/go/src/runtime/mgc0.go:#2346,func,writebarrierslice,writeBarrierSlice
 /usr/local/go/src/runtime/mgc0.go:#2471,func,writebarrieriface,writeBarrierIface
 /usr/local/go/src/runtime/mgc0.go:#2579,func,writebarrierfat2,writeBarrierfat2
 /usr/local/go/src/runtime/mgc0.go:#2695,func,writebarrierfat3,writeBarrierfat3
 /usr/local/go/src/runtime/mgc0.go:#2828,func,writebarrierfat4,writeBarrierfat4
 /usr/local/go/src/runtime/mgc0.go:#2978,func,writebarrierfat,writeBarrierfat
# /usr/local/go/src/runtime/mprof.go:#2757,func,newBucket,newBucket
# /usr/local/go/src/runtime/mprof.go:#3262,func,stk,stk
# /usr/local/go/src/runtime/mprof.go:#3469,func,mp,mp
# /usr/local/go/src/runtime/mprof.go:#3754,func,bp,bp
# /usr/local/go/src/runtime/mprof.go:#4031,func,stkbucket,stkbucket
# /usr/local/go/src/runtime/mprof.go:#4973,func,sysAlloc,sysAlloc
 /usr/local/go/src/runtime/mprof.go:#5028,func,eqslice,eqSlice
 /usr/local/go/src/runtime/mprof.go:#5186,func,mprof_GC,mProfGC
 /usr/local/go/src/runtime/mprof.go:#5746,func,mProf_GC,mProfGC
 /usr/local/go/src/runtime/mprof.go:#5863,func,mProf_Malloc,mProfMalloc
 /usr/local/go/src/runtime/mprof.go:#6419,func,setprofilebucket_m,setProfileBucketM
 /usr/local/go/src/runtime/mprof.go:#6457,func,setprofilebucket,setProfileBucket
 /usr/local/go/src/runtime/mprof.go:#6646,func,mProf_Free,mProfFree
 /usr/local/go/src/runtime/mprof.go:#7263,func,SetBlockProfileRate,SetBLockProfileRate
 /usr/local/go/src/runtime/mprof.go:#7659,func,blockevent,bLockEvent
# /usr/local/go/src/runtime/mprof.go:#8496,func,Stack,Stack
# /usr/local/go/src/runtime/mprof.go:#9836,func,InUseBytes,InUseBytes
# /usr/local/go/src/runtime/mprof.go:#10004,func,InUseObjects,InUseObjects
# /usr/local/go/src/runtime/mprof.go:#10182,func,Stack,Stack
# /usr/local/go/src/runtime/mprof.go:#10906,func,MemProfile,MemProfile
# /usr/local/go/src/runtime/mprof.go:#11896,func,record,record
 /usr/local/go/src/runtime/mprof.go:#12198,func,iterate_memprof,iterateMemProf
 /usr/local/go/src/runtime/mprof.go:#13024,func,BlockProfile,BLockProfile
 /usr/local/go/src/runtime/mprof.go:#13828,func,ThreadCreateProfile,ThReadCreateProfile
# /usr/local/go/src/runtime/mprof.go:#14577,func,GoroutineProfile,GoroutineProfile
# /usr/local/go/src/runtime/mprof.go:#15224,func,saveg,saveg
# /usr/local/go/src/runtime/mprof.go:#15644,func,Stack,Stack
 /usr/local/go/src/runtime/mprof.go:#16274,func,tracealloc,traceAlloc
 /usr/local/go/src/runtime/mprof.go:#16880,func,tracefree,traceFree
 /usr/local/go/src/runtime/mprof.go:#17229,func,tracegc,traceGc
 /usr/local/go/src/runtime/netpoll.go:#3206,func,netpollServerInit,netPollServerInit
 /usr/local/go/src/runtime/netpoll.go:#3254,func,netpollOpen,netPollOpen
 /usr/local/go/src/runtime/netpoll.go:#3736,func,netpollClose,netPollClose
# /usr/local/go/src/runtime/netpoll.go:#4128,func,free,free
 /usr/local/go/src/runtime/netpoll.go:#4222,func,netpollReset,netPollReset
 /usr/local/go/src/runtime/netpoll.go:#4425,func,netpollWait,netPollWait
 /usr/local/go/src/runtime/netpoll.go:#4967,func,netpollWaitCanceled,netPollWaitCanceled
 /usr/local/go/src/runtime/netpoll.go:#5223,func,netpollSetDeadline,netPollSetDeadline
 /usr/local/go/src/runtime/netpoll.go:#6722,func,netpollUnblock,netPollUnbLock
 /usr/local/go/src/runtime/netpoll.go:#7286,func,netpollfd,netPollFd
 /usr/local/go/src/runtime/netpoll.go:#7342,func,netpolluser,netPollUser
 /usr/local/go/src/runtime/netpoll.go:#7411,func,netpollclosing,netPollClosing
 /usr/local/go/src/runtime/netpoll.go:#7474,func,netpolllock,netPollLock
 /usr/local/go/src/runtime/netpoll.go:#7526,func,netpollunlock,netPollUnlock
 /usr/local/go/src/runtime/netpoll.go:#7657,func,netpollready,netPollReady
 /usr/local/go/src/runtime/netpoll.go:#7990,func,netpollcheckerr,netPollCheckerr
 /usr/local/go/src/runtime/netpoll.go:#8192,func,netpollblockcommit,netPollBLockCommit
 /usr/local/go/src/runtime/netpoll.go:#8443,func,netpollblock,netPollBLock
 /usr/local/go/src/runtime/netpoll.go:#9330,func,netpollunblock,netPollUnbLock
 /usr/local/go/src/runtime/netpoll.go:#9847,func,netpolldeadlineimpl,netPollDeadlineimpl
 /usr/local/go/src/runtime/netpoll.go:#10823,func,netpollDeadline,netPollDeadline
 /usr/local/go/src/runtime/netpoll.go:#10934,func,netpollReadDeadline,netPollReadDeadline
 /usr/local/go/src/runtime/netpoll.go:#11050,func,netpollWriteDeadline,netPollWriteDeadline
# /usr/local/go/src/runtime/netpoll.go:#11182,func,alloc,alloc
 /usr/local/go/src/runtime/netpoll_epoll.go:#216,func,epollcreate,ePollCreate
 /usr/local/go/src/runtime/netpoll_epoll.go:#251,func,epollcreate1,ePollCreate1
 /usr/local/go/src/runtime/netpoll_epoll.go:#303,func,epollctl,ePollCtl
 /usr/local/go/src/runtime/netpoll_epoll.go:#374,func,epollwait,ePollWait
 /usr/local/go/src/runtime/netpoll_epoll.go:#443,func,closeonexec,closeOnExec
 /usr/local/go/src/runtime/netpoll_epoll.go:#549,func,netpollinit,netPollInit
 /usr/local/go/src/runtime/netpoll_epoll.go:#831,func,netpollopen,netPollOpen
 /usr/local/go/src/runtime/netpoll_epoll.go:#1065,func,netpollclose,netPollClose
 /usr/local/go/src/runtime/netpoll_epoll.go:#1181,func,netpollarm,netPollArm
 /usr/local/go/src/runtime/netpoll_epoll.go:#1335,func,netpoll,netPoll
# /usr/local/go/src/runtime/os_linux.go:#200,func,futex,futex
 /usr/local/go/src/runtime/os_linux.go:#299,func,clone,clOnE
 /usr/local/go/src/runtime/os_linux.go:#361,func,rt_sigaction,rtSigactiOn
 /usr/local/go/src/runtime/os_linux.go:#437,func,sigaltstack,sigaltStack
 /usr/local/go/src/runtime/os_linux.go:#479,func,setitimer,setITimer
 /usr/local/go/src/runtime/os_linux.go:#531,func,rtsigprocmask,rtsigProcessMask
 /usr/local/go/src/runtime/os_linux.go:#598,func,getrlimit,getRlimit
# /usr/local/go/src/runtime/os_linux.go:#653,func,raise,raise
 /usr/local/go/src/runtime/os_linux.go:#675,func,sched_getaffinity,schedGetAffInitY
 /usr/local/go/src/runtime/panic.go:#258,func,panicindex,panicIndex
 /usr/local/go/src/runtime/panic.go:#366,func,panicslice,panicSlice
 /usr/local/go/src/runtime/panic.go:#472,func,panicdivide,panicDivide
 /usr/local/go/src/runtime/panic.go:#576,func,panicoverflow,panicOverflow
 /usr/local/go/src/runtime/panic.go:#685,func,panicfloat,panicFloat
 /usr/local/go/src/runtime/panic.go:#818,func,panicmem,panicMem
 /usr/local/go/src/runtime/panic.go:#859,func,throwreturn,throwReturn
 /usr/local/go/src/runtime/panic.go:#953,func,throwinit,throwInit
 /usr/local/go/src/runtime/panic.go:#1178,func,deferproc,deferProcess
 /usr/local/go/src/runtime/panic.go:#2787,func,deferclass,deferClass
 /usr/local/go/src/runtime/panic.go:#2965,func,totaldefersize,toTalDefersIze
 /usr/local/go/src/runtime/panic.go:#3205,func,testdefersizes,teStdEferSizeS
 /usr/local/go/src/runtime/panic.go:#3791,func,deferArgs,deferArgS
# /usr/local/go/src/runtime/panic.go:#3934,func,init,init
 /usr/local/go/src/runtime/panic.go:#4162,func,newdefer,newDefer
 /usr/local/go/src/runtime/panic.go:#4712,func,freedefer,freeDefer
 /usr/local/go/src/runtime/panic.go:#5109,func,freedeferpanic,freeDeferPanic
 /usr/local/go/src/runtime/panic.go:#5236,func,freedeferfn,freeDeferFn
 /usr/local/go/src/runtime/panic.go:#6061,func,deferreturn,deferReturn
 /usr/local/go/src/runtime/panic.go:#7087,func,Goexit,GoExit
 /usr/local/go/src/runtime/panic.go:#7788,func,canpanic,canPanic
 /usr/local/go/src/runtime/panic.go:#7871,func,printpanics,printPanicS
 /usr/local/go/src/runtime/panic.go:#8113,func,gopanic,goPanic
 /usr/local/go/src/runtime/panic.go:#11070,func,getargp,getArgP
 /usr/local/go/src/runtime/panic.go:#11755,func,gorecover,goRecover
 /usr/local/go/src/runtime/panic.go:#12315,func,startpanic,startPanic
 /usr/local/go/src/runtime/panic.go:#12379,func,dopanic,doPanic
# /usr/local/go/src/runtime/panic.go:#12671,func,throw,throw
 /usr/local/go/src/runtime/panic.go:#12879,func,gothrow,goThrow
# /usr/local/go/src/runtime/print1.go:#330,func,bytes,bytes
# /usr/local/go/src/runtime/print1.go:#735,func,printf,printf
 /usr/local/go/src/runtime/print1.go:#1040,func,snprintf,snPrintf
 /usr/local/go/src/runtime/print1.go:#1459,func,gwrite,gWrite
 /usr/local/go/src/runtime/print1.go:#1740,func,prints,printS
 /usr/local/go/src/runtime/print1.go:#1880,func,printsp,printSp
 /usr/local/go/src/runtime/print1.go:#1912,func,printnl,printNl
# /usr/local/go/src/runtime/print1.go:#2045,func,vprintf,vprintf
 /usr/local/go/src/runtime/print1.go:#3895,func,printpc,printPc
 /usr/local/go/src/runtime/print1.go:#3962,func,printbool,printBool
 /usr/local/go/src/runtime/print1.go:#4044,func,printbyte,printByte
 /usr/local/go/src/runtime/print1.go:#4115,func,printfloat,printfLoat
 /usr/local/go/src/runtime/print1.go:#5020,func,printcomplex,printComplex
 /usr/local/go/src/runtime/print1.go:#5093,func,printuint,printUint
 /usr/local/go/src/runtime/print1.go:#5265,func,printint,printInt
 /usr/local/go/src/runtime/print1.go:#5352,func,printhex,printHex
 /usr/local/go/src/runtime/print1.go:#5586,func,printpointer,printPointEr
 /usr/local/go/src/runtime/print1.go:#5657,func,printstring,printString
 /usr/local/go/src/runtime/print1.go:#5790,func,printslice,printSlice
 /usr/local/go/src/runtime/print1.go:#5935,func,printeface,printEface
 /usr/local/go/src/runtime/print1.go:#6048,func,printiface,printIface
 /usr/local/go/src/runtime/proc.go:#199,func,newsysmon,newSysMon
 /usr/local/go/src/runtime/proc.go:#217,func,runtime_init,runtimeInit
 /usr/local/go/src/runtime/proc.go:#237,func,main_init,mainInit
 /usr/local/go/src/runtime/proc.go:#254,func,main_main,mainMain
# /usr/local/go/src/runtime/proc.go:#295,func,main,main
# /usr/local/go/src/runtime/proc.go:#1885,func,init,init
 /usr/local/go/src/runtime/proc.go:#1922,func,forcegchelper,forceGcHelper
 /usr/local/go/src/runtime/proc.go:#2451,func,Gosched,GoSched
 /usr/local/go/src/runtime/proc.go:#2614,func,gopark,goPark
 /usr/local/go/src/runtime/proc.go:#3142,func,goparkunlock,goParkUnlock
 /usr/local/go/src/runtime/proc.go:#3262,func,goready,goReady
# /usr/local/go/src/runtime/proc.go:#3381,func,acquireSudog,acquireSudog
# /usr/local/go/src/runtime/proc.go:#4111,func,releaseSudog,releaseSudog
# /usr/local/go/src/runtime/proc.go:#4801,func,funcPC,funcPC
 /usr/local/go/src/runtime/proc.go:#4921,func,badmcall,badMCall
 /usr/local/go/src/runtime/proc.go:#5002,func,badmcall2,badMCall2
 /usr/local/go/src/runtime/proc.go:#5080,func,badreflectcall,badReflectCall
 /usr/local/go/src/runtime/proc.go:#5165,func,lockedOSThread,lockEdOSThRead
# /usr/local/go/src/runtime/proc.go:#5260,func,newP,newP
# /usr/local/go/src/runtime/proc.go:#5295,func,newM,newM
# /usr/local/go/src/runtime/proc.go:#5330,func,newG,newG
 /usr/local/go/src/runtime/proc.go:#5365,func,allgadd,allgAdd
# /usr/local/go/src/runtime/race0.go:#387,func,raceReadObjectPC,raceReadObjectPC
# /usr/local/go/src/runtime/race0.go:#483,func,raceWriteObjectPC,raceWriteObjectPC
 /usr/local/go/src/runtime/race0.go:#579,func,raceinit,raceInit
 /usr/local/go/src/runtime/race0.go:#675,func,racefini,raceFini
 /usr/local/go/src/runtime/race0.go:#771,func,racemapshadow,raceMapShadow
 /usr/local/go/src/runtime/race0.go:#867,func,racewritepc,raceWritePc
 /usr/local/go/src/runtime/race0.go:#963,func,racereadpc,raceReadPc
 /usr/local/go/src/runtime/race0.go:#1059,func,racereadrangepc,raceReadRangePc
 /usr/local/go/src/runtime/race0.go:#1155,func,racewriterangepc,raceWriterAngepc
 /usr/local/go/src/runtime/race0.go:#1251,func,raceacquire,raceAcquire
 /usr/local/go/src/runtime/race0.go:#1347,func,raceacquireg,raceAcquireg
 /usr/local/go/src/runtime/race0.go:#1443,func,racerelease,raceRelease
 /usr/local/go/src/runtime/race0.go:#1539,func,racereleaseg,raceReleaseG
 /usr/local/go/src/runtime/race0.go:#1635,func,racereleasemerge,raceReleaseMerge
 /usr/local/go/src/runtime/race0.go:#1731,func,racereleasemergeg,raceReleaseMergeg
 /usr/local/go/src/runtime/race0.go:#1827,func,racefingo,raceFinGo
 /usr/local/go/src/runtime/race0.go:#1923,func,racemalloc,raceMalloc
 /usr/local/go/src/runtime/race0.go:#2019,func,racegostart,raceGoStart
 /usr/local/go/src/runtime/race0.go:#2125,func,racegoend,raceGoEnd
# /usr/local/go/src/runtime/rdebug.go:#183,func,setMaxStack,setMaxStack
 /usr/local/go/src/runtime/rdebug.go:#288,func,setGCPercent,setGCPerCent
# /usr/local/go/src/runtime/rdebug.go:#469,func,setPanicOnFault,setPanicOnFault
 /usr/local/go/src/runtime/rdebug.go:#616,func,setMaxThreads,setMaxThReadS
 /usr/local/go/src/runtime/rune.go:#2544,func,charntorune,charNToRune
 /usr/local/go/src/runtime/rune.go:#4207,func,runetochar,runeToChar
 /usr/local/go/src/runtime/runtime.go:#383,func,tickspersecond,ticksPerSecond
# /usr/local/go/src/runtime/runtime.go:#807,func,makeStringSlice,makeStringSlice
 /usr/local/go/src/runtime/runtime.go:#935,func,parforalloc,parForAlloc
 /usr/local/go/src/runtime/runtime.go:#1131,func,runtime_envs,runtimeEnvs
 /usr/local/go/src/runtime/runtime.go:#1195,func,runtime_args,runtimeArgS
 /usr/local/go/src/runtime/select.go:#369,func,selectsize,selectSize
 /usr/local/go/src/runtime/select.go:#622,func,newselect,newSelect
 /usr/local/go/src/runtime/select.go:#1205,func,selectsend,selectSend
 /usr/local/go/src/runtime/select.go:#1521,func,selectsendImpl,selectSendImpl
 /usr/local/go/src/runtime/select.go:#2022,func,selectrecv,selectRecv
 /usr/local/go/src/runtime/select.go:#2309,func,selectrecv2,selectRecv2
 /usr/local/go/src/runtime/select.go:#2605,func,selectrecvImpl,selectRecvImpl
 /usr/local/go/src/runtime/select.go:#3147,func,selectdefault,selectDefault
 /usr/local/go/src/runtime/select.go:#3334,func,selectdefaultImpl,selectDefaultImpl
 /usr/local/go/src/runtime/select.go:#3778,func,sellock,selLock
 /usr/local/go/src/runtime/select.go:#4062,func,selunlock,selUnlock
 /usr/local/go/src/runtime/select.go:#5018,func,selparkcommit,selParkCommit
 /usr/local/go/src/runtime/select.go:#5097,func,block,bLock
 /usr/local/go/src/runtime/select.go:#5303,func,selectgo,selectGo
 /usr/local/go/src/runtime/select.go:#5551,func,selectgoImpl,selectGoImpl
 /usr/local/go/src/runtime/select.go:#13933,func,sortkey,sortKey
 /usr/local/go/src/runtime/select.go:#14653,func,reflect_rselect,reflectRSelect
# /usr/local/go/src/runtime/select.go:#15394,func,dequeueSudoG,dequeueSudoG
 /usr/local/go/src/runtime/sema.go:#1166,func,asyncsemacquire,asyncSemAcquire
 /usr/local/go/src/runtime/sema.go:#1230,func,asyncsemrelease,asyncSemRelease
 /usr/local/go/src/runtime/sema.go:#1312,func,semacquire,semAcquire
 /usr/local/go/src/runtime/sema.go:#2396,func,semrelease,semRelease
 /usr/local/go/src/runtime/sema.go:#3139,func,semroot,semRoot
 /usr/local/go/src/runtime/sema.go:#3251,func,cansemacquire,canSemAcquire
# /usr/local/go/src/runtime/sema.go:#3423,func,queue,queue
# /usr/local/go/src/runtime/sema.go:#3647,func,dequeue,dequeue
 /usr/local/go/src/runtime/sema.go:#4053,func,syncsemacquire,syncSemAcquire
 /usr/local/go/src/runtime/sema.go:#4911,func,syncsemrelease,syncSemRelease
 /usr/local/go/src/runtime/sema.go:#5554,func,syncsemcheck,syncSemCheck
# /usr/local/go/src/runtime/signal_unix.go:#248,func,sigpipe,sigpipe
 /usr/local/go/src/runtime/signal_unix.go:#264,func,os_sigpipe,osSigpipe
 /usr/local/go/src/runtime/sigpanic_unix.go:#248,func,signame,sigName
 /usr/local/go/src/runtime/sigpanic_unix.go:#275,func,sigpanic,sigPanic
 /usr/local/go/src/runtime/sigqueue.go:#1775,func,sigsend,sigSend
 /usr/local/go/src/runtime/sigqueue.go:#2670,func,signal_recv,signalRecv
 /usr/local/go/src/runtime/sigqueue.go:#3492,func,signal_enable,signalEnable
 /usr/local/go/src/runtime/sigqueue.go:#3929,func,signal_disable,signalDisable
 /usr/local/go/src/runtime/sigqueue.go:#4149,func,badsignal,badSignal
 /usr/local/go/src/runtime/sigqueue.go:#4762,func,sigenable_m,sigenableM
 /usr/local/go/src/runtime/sigqueue.go:#4781,func,sigdisable_m,sigdisableM
 /usr/local/go/src/runtime/sigqueue.go:#4802,func,sigenable_go,sigenableGo
 /usr/local/go/src/runtime/sigqueue.go:#4897,func,sigdisable_go,sigdisableGo
 /usr/local/go/src/runtime/slice.go:#319,func,makeslice,makeSlice
 /usr/local/go/src/runtime/slice.go:#1192,func,growslice,growSlice
 /usr/local/go/src/runtime/slice.go:#2588,func,slicecopy,sliceCopy
 /usr/local/go/src/runtime/slice.go:#3272,func,slicestringcopy,sliceStringCopy
# /usr/local/go/src/runtime/softfloat64.go:#786,func,funpack64,funpack64
# /usr/local/go/src/runtime/softfloat64.go:#1309,func,funpack32,funpack32
# /usr/local/go/src/runtime/softfloat64.go:#1832,func,fpack64,fpack64
# /usr/local/go/src/runtime/softfloat64.go:#2768,func,fpack32,fpack32
 /usr/local/go/src/runtime/softfloat64.go:#3704,func,fadd64,fAdd64
# /usr/local/go/src/runtime/softfloat64.go:#4609,func,fsub64,fsub64
# /usr/local/go/src/runtime/softfloat64.go:#4675,func,fneg64,fneg64
# /usr/local/go/src/runtime/softfloat64.go:#4753,func,fmul64,fmul64
# /usr/local/go/src/runtime/softfloat64.go:#5438,func,fdiv64,fdiv64
 /usr/local/go/src/runtime/softfloat64.go:#6087,func,f64to32,f64To32
 /usr/local/go/src/runtime/softfloat64.go:#6348,func,f32to64,f32To64
# /usr/local/go/src/runtime/softfloat64.go:#6585,func,fcmp64,fcmp64
 /usr/local/go/src/runtime/softfloat64.go:#7178,func,f64toint,f64ToInt
 /usr/local/go/src/runtime/softfloat64.go:#7680,func,fintto64,fIntTo64
# /usr/local/go/src/runtime/softfloat64.go:#7911,func,mullu,mullu
# /usr/local/go/src/runtime/softfloat64.go:#8245,func,divlu,divlu
 /usr/local/go/src/runtime/softfloat64.go:#8960,func,fadd64c,fAdd64c
# /usr/local/go/src/runtime/softfloat64.go:#9034,func,fsub64c,fsub64c
# /usr/local/go/src/runtime/softfloat64.go:#9108,func,fmul64c,fmul64c
# /usr/local/go/src/runtime/softfloat64.go:#9182,func,fdiv64c,fdiv64c
# /usr/local/go/src/runtime/softfloat64.go:#9256,func,fneg64c,fneg64c
 /usr/local/go/src/runtime/softfloat64.go:#9327,func,f32to64c,f32To64c
 /usr/local/go/src/runtime/softfloat64.go:#9399,func,f64to32c,f64To32c
# /usr/local/go/src/runtime/softfloat64.go:#9471,func,fcmp64c,fcmp64c
 /usr/local/go/src/runtime/softfloat64.go:#9554,func,fintto64c,fIntTo64c
 /usr/local/go/src/runtime/softfloat64.go:#9629,func,f64tointc,f64ToIntC
# /usr/local/go/src/runtime/sqrt.go:#3836,func,float64bits,float64bits
# /usr/local/go/src/runtime/sqrt.go:#3917,func,float64frombits,float64frombits
# /usr/local/go/src/runtime/sqrt.go:#4000,func,sqrt,sqrt
# /usr/local/go/src/runtime/sqrt.go:#4967,func,sqrtC,sqrtC
 /usr/local/go/src/runtime/string.go:#204,func,concatstrings,cOnCatStrings
 /usr/local/go/src/runtime/string.go:#616,func,concatstring2,cOnCatString2
 /usr/local/go/src/runtime/string.go:#701,func,concatstring3,cOnCatString3
 /usr/local/go/src/runtime/string.go:#786,func,concatstring4,cOnCatString4
 /usr/local/go/src/runtime/string.go:#871,func,concatstring5,cOnCatString5
 /usr/local/go/src/runtime/string.go:#943,func,slicebytetostring,sliceByteToString
 /usr/local/go/src/runtime/string.go:#1199,func,slicebytetostringtmp,sliceByteToStringTmp
 /usr/local/go/src/runtime/string.go:#1850,func,stringtoslicebyte,stringToSliceByte
 /usr/local/go/src/runtime/string.go:#1944,func,stringtoslicerune,stringToSliceRune
 /usr/local/go/src/runtime/string.go:#2268,func,slicerunetostring,sliceRuneToString
 /usr/local/go/src/runtime/string.go:#2819,func,intstring,intString
 /usr/local/go/src/runtime/string.go:#3008,func,stringiter,stringIter
 /usr/local/go/src/runtime/string.go:#3318,func,stringiter2,stringIter2
 /usr/local/go/src/runtime/string.go:#3772,func,rawstring,rawString
 /usr/local/go/src/runtime/string.go:#4355,func,rawbyteslice,rawBytesLice
 /usr/local/go/src/runtime/string.go:#4791,func,rawruneslice,rawRunesLice
 /usr/local/go/src/runtime/string.go:#5247,func,gobytes,goBytes
 /usr/local/go/src/runtime/string.go:#5424,func,gostringsize,goStringsIze
 /usr/local/go/src/runtime/string.go:#5507,func,findnull,findNull
 /usr/local/go/src/runtime/string.go:#5533,func,gostring,goString
 /usr/local/go/src/runtime/string.go:#5709,func,gostringn,goStringN
# /usr/local/go/src/runtime/string.go:#5875,func,index,index
 /usr/local/go/src/runtime/string.go:#6044,func,contains,cOnTains
 /usr/local/go/src/runtime/string.go:#6106,func,hasprefix,hasPrefix
# /usr/local/go/src/runtime/stubs.go:#503,func,add,add
 /usr/local/go/src/runtime/stubs.go:#626,func,roundup,roundUp
 /usr/local/go/src/runtime/stubs.go:#779,func,getg,getG
# /usr/local/go/src/runtime/stubs.go:#794,func,acquirem,acquirem
 /usr/local/go/src/runtime/stubs.go:#813,func,releasem,releaseM
 /usr/local/go/src/runtime/stubs.go:#834,func,gomcache,goMcache
 /usr/local/go/src/runtime/stubs.go:#858,func,readgstatus,readGStatus
 /usr/local/go/src/runtime/stubs.go:#1504,func,mcall,mCall
# /usr/local/go/src/runtime/stubs.go:#2895,func,onM,onM
 /usr/local/go/src/runtime/stubs.go:#3726,func,onM_signalok,onMSignalOk
 /usr/local/go/src/runtime/stubs.go:#3756,func,badonm,badOnM
 /usr/local/go/src/runtime/stubs.go:#3881,func,gosched_m,goSchedM
 /usr/local/go/src/runtime/stubs.go:#3900,func,park_m,parkM
 /usr/local/go/src/runtime/stubs.go:#3916,func,recovery_m,recoveryM
 /usr/local/go/src/runtime/stubs.go:#4001,func,mcacheRefill_m,mcacheRefillM
 /usr/local/go/src/runtime/stubs.go:#4023,func,largeAlloc_m,lArgEAllocM
 /usr/local/go/src/runtime/stubs.go:#4043,func,gc_m,gcM
 /usr/local/go/src/runtime/stubs.go:#4055,func,scavenge_m,scavengeM
 /usr/local/go/src/runtime/stubs.go:#4073,func,setFinalizer_m,setFinalizerM
 /usr/local/go/src/runtime/stubs.go:#4095,func,removeFinalizer_m,removeFinalizerM
 /usr/local/go/src/runtime/stubs.go:#4120,func,markallocated_m,markAllocAtedM
 /usr/local/go/src/runtime/stubs.go:#4143,func,unrollgcprog_m,unrollGcProgM
 /usr/local/go/src/runtime/stubs.go:#4165,func,unrollgcproginplace_m,unrollGcProginplaceM
 /usr/local/go/src/runtime/stubs.go:#4194,func,setgcpercent_m,setGcPerCentM
 /usr/local/go/src/runtime/stubs.go:#4216,func,setmaxthreads_m,setMaxThReadSM
 /usr/local/go/src/runtime/stubs.go:#4239,func,ready_m,readyM
 /usr/local/go/src/runtime/stubs.go:#4254,func,deferproc_m,deferProcessM
 /usr/local/go/src/runtime/stubs.go:#4273,func,goexit_m,goExitM
 /usr/local/go/src/runtime/stubs.go:#4289,func,startpanic_m,startPanicM
 /usr/local/go/src/runtime/stubs.go:#4309,func,dopanic_m,doPanicM
 /usr/local/go/src/runtime/stubs.go:#4326,func,readmemstats_m,readMemStatsM
 /usr/local/go/src/runtime/stubs.go:#4348,func,writeheapdump_m,writeHeapDumpM
# /usr/local/go/src/runtime/stubs.go:#4445,func,memclr,memclr
 /usr/local/go/src/runtime/stubs.go:#4568,func,memmove,memMove
 /usr/local/go/src/runtime/stubs.go:#4633,func,starttheworld,startTheWorld
 /usr/local/go/src/runtime/stubs.go:#4654,func,stoptheworld,stopTheWorld
 /usr/local/go/src/runtime/stubs.go:#4674,func,newextram,newExtRam
 /usr/local/go/src/runtime/stubs.go:#4691,func,lockOSThread,lockOSThRead
 /usr/local/go/src/runtime/stubs.go:#4711,func,unlockOSThread,unlockOSThRead
# /usr/local/go/src/runtime/stubs.go:#4805,func,fastrand1,fastrand1
 /usr/local/go/src/runtime/stubs.go:#4858,func,memeq,memEq
 /usr/local/go/src/runtime/stubs.go:#5180,func,noescape,noesCapE
 /usr/local/go/src/runtime/stubs.go:#5279,func,entersyscall,enterSysCall
 /usr/local/go/src/runtime/stubs.go:#5299,func,reentersyscall,reEnterSysCall
 /usr/local/go/src/runtime/stubs.go:#5350,func,entersyscallblock,enterSysCallBLock
 /usr/local/go/src/runtime/stubs.go:#5375,func,exitsyscall,exitSysCall
 /usr/local/go/src/runtime/stubs.go:#5395,func,cgocallback,cgoCallBack
 /usr/local/go/src/runtime/stubs.go:#5457,func,gogo,goGo
 /usr/local/go/src/runtime/stubs.go:#5479,func,gosave,goSave
# /usr/local/go/src/runtime/stubs.go:#5503,func,read,read
# /usr/local/go/src/runtime/stubs.go:#5556,func,close,close
 /usr/local/go/src/runtime/stubs.go:#5583,func,mincore,minCore
 /usr/local/go/src/runtime/stubs.go:#5660,func,jmpdefer,jmpDefer
# /usr/local/go/src/runtime/stubs.go:#5701,func,exit1,exit1
 /usr/local/go/src/runtime/stubs.go:#5724,func,asminit,asmInit
 /usr/local/go/src/runtime/stubs.go:#5739,func,setg,setG
# /usr/local/go/src/runtime/stubs.go:#5756,func,exit,exit
 /usr/local/go/src/runtime/stubs.go:#5778,func,breakpoint,breakPoint
 /usr/local/go/src/runtime/stubs.go:#5796,func,nanotime,nanoTime
 /usr/local/go/src/runtime/stubs.go:#5818,func,usleep,uSleep
 /usr/local/go/src/runtime/stubs.go:#6004,func,cputicks,cpuTicks
 /usr/local/go/src/runtime/stubs.go:#6027,func,mmap,mMap
 /usr/local/go/src/runtime/stubs.go:#6119,func,munmap,munMap
# /usr/local/go/src/runtime/stubs.go:#6163,func,madvise,madvise
 /usr/local/go/src/runtime/stubs.go:#6221,func,reflectcall,reflectCall
 /usr/local/go/src/runtime/stubs.go:#6290,func,osyield,osYield
 /usr/local/go/src/runtime/stubs.go:#6305,func,procyield,processYield
 /usr/local/go/src/runtime/stubs.go:#6335,func,cgocallback_gofunc,cgoCallBackGoFunc
 /usr/local/go/src/runtime/stubs.go:#6413,func,readgogc,readGoGc
 /usr/local/go/src/runtime/stubs.go:#6435,func,purgecachedstats,purgecachedStats
 /usr/local/go/src/runtime/stubs.go:#6468,func,gostringnocopy,goStringNoCopy
 /usr/local/go/src/runtime/stubs.go:#6504,func,goexit,goExit
# /usr/local/go/src/runtime/stubs.go:#6533,func,write,write
# /usr/local/go/src/runtime/stubs.go:#6604,func,cas,cas
# /usr/local/go/src/runtime/stubs.go:#6663,func,casp,casp
 /usr/local/go/src/runtime/stubs.go:#6739,func,casuintptr,casUintPtr
 /usr/local/go/src/runtime/stubs.go:#6807,func,atomicstoreuintptr,atomicStoreUintPtr
 /usr/local/go/src/runtime/stubs.go:#6873,func,atomicloaduintptr,atomicLoadUintPtr
 /usr/local/go/src/runtime/stubs.go:#6933,func,atomicloaduint,atomicLoadUint
 /usr/local/go/src/runtime/stubs.go:#6984,func,setcallerpc,setCallerPc
 /usr/local/go/src/runtime/stubs.go:#8257,func,getcallerpc,getCallerPc
 /usr/local/go/src/runtime/stubs.go:#8318,func,getcallersp,getCallersP
 /usr/local/go/src/runtime/stubs.go:#8379,func,asmcgocall,asmCgoCall
 /usr/local/go/src/runtime/stubs.go:#8434,func,asmcgocall_errno,asmCgoCallErrno
# /usr/local/go/src/runtime/stubs.go:#8501,func,open,open
 /usr/local/go/src/runtime/stubs.go:#8562,func,gotraceback,goTraceBack
 /usr/local/go/src/runtime/stubs.go:#8622,func,newstack,newStack
 /usr/local/go/src/runtime/stubs.go:#8638,func,newproc,newProcess
 /usr/local/go/src/runtime/stubs.go:#8653,func,morestack,moreStack
 /usr/local/go/src/runtime/stubs.go:#8670,func,mstart,mStart
 /usr/local/go/src/runtime/stubs.go:#8684,func,rt0_go,rt0Go
# /usr/local/go/src/runtime/stubs.go:#8892,func,return0,return0
 /usr/local/go/src/runtime/stubs.go:#8935,func,timenow,timeNow
# /usr/local/go/src/runtime/stubs.go:#9069,func,call16,call16
# /usr/local/go/src/runtime/stubs.go:#9126,func,call32,call32
# /usr/local/go/src/runtime/stubs.go:#9183,func,call64,call64
# /usr/local/go/src/runtime/stubs.go:#9240,func,call128,call128
# /usr/local/go/src/runtime/stubs.go:#9298,func,call256,call256
# /usr/local/go/src/runtime/stubs.go:#9356,func,call512,call512
# /usr/local/go/src/runtime/stubs.go:#9414,func,call1024,call1024
# /usr/local/go/src/runtime/stubs.go:#9473,func,call2048,call2048
# /usr/local/go/src/runtime/stubs.go:#9532,func,call4096,call4096
# /usr/local/go/src/runtime/stubs.go:#9591,func,call8192,call8192
# /usr/local/go/src/runtime/stubs.go:#9650,func,call16384,call16384
# /usr/local/go/src/runtime/stubs.go:#9710,func,call32768,call32768
# /usr/local/go/src/runtime/stubs.go:#9770,func,call65536,call65536
# /usr/local/go/src/runtime/stubs.go:#9830,func,call131072,call131072
# /usr/local/go/src/runtime/stubs.go:#9891,func,call262144,call262144
# /usr/local/go/src/runtime/stubs.go:#9952,func,call524288,call524288
# /usr/local/go/src/runtime/stubs.go:#10013,func,call1048576,call1048576
# /usr/local/go/src/runtime/stubs.go:#10075,func,call2097152,call2097152
# /usr/local/go/src/runtime/stubs.go:#10137,func,call4194304,call4194304
# /usr/local/go/src/runtime/stubs.go:#10199,func,call8388608,call8388608
# /usr/local/go/src/runtime/stubs.go:#10261,func,call16777216,call16777216
# /usr/local/go/src/runtime/stubs.go:#10324,func,call33554432,call33554432
# /usr/local/go/src/runtime/stubs.go:#10387,func,call67108864,call67108864
# /usr/local/go/src/runtime/stubs.go:#10450,func,call134217728,call134217728
# /usr/local/go/src/runtime/stubs.go:#10514,func,call268435456,call268435456
# /usr/local/go/src/runtime/stubs.go:#10578,func,call536870912,call536870912
# /usr/local/go/src/runtime/stubs.go:#10642,func,call1073741824,call1073741824
# /usr/local/go/src/runtime/symtab.go:#619,func,raw,raw
 /usr/local/go/src/runtime/symtab.go:#1085,func,symtabinit,symTabInit
# /usr/local/go/src/runtime/symtab.go:#3428,func,FuncForPC,FuncForPC
# /usr/local/go/src/runtime/symtab.go:#3564,func,Name,Name
# /usr/local/go/src/runtime/symtab.go:#3678,func,Entry,Entry
# /usr/local/go/src/runtime/symtab.go:#3928,func,FileLine,FileLine
 /usr/local/go/src/runtime/symtab.go:#4183,func,findfunc,findFunc
 /usr/local/go/src/runtime/symtab.go:#4733,func,pcvalue,pcValue
 /usr/local/go/src/runtime/symtab.go:#5548,func,funcname,funcName
 /usr/local/go/src/runtime/symtab.go:#5687,func,gofuncname,goFuncName
 /usr/local/go/src/runtime/symtab.go:#5761,func,funcline1,funcLine1
 /usr/local/go/src/runtime/symtab.go:#6206,func,funcline,funcLine
 /usr/local/go/src/runtime/symtab.go:#6316,func,funcspdelta,funcSpDelta
 /usr/local/go/src/runtime/symtab.go:#6545,func,pcdatavalue,pcDataValue
 /usr/local/go/src/runtime/symtab.go:#6805,func,funcdata,funcData
# /usr/local/go/src/runtime/symtab.go:#7262,func,step,step
 /usr/local/go/src/runtime/symtab.go:#7668,func,readvarint,readVarInt
# /usr/local/go/src/runtime/time.go:#1276,func,timeSleep,timeSleep
# /usr/local/go/src/runtime/time.go:#1530,func,startTimer,startTimer
# /usr/local/go/src/runtime/time.go:#1754,func,stopTimer,stopTimer
# /usr/local/go/src/runtime/time.go:#1853,func,goroutineReady,goroutineReady
 /usr/local/go/src/runtime/time.go:#1927,func,addtimer,addTimer
 /usr/local/go/src/runtime/time.go:#2155,func,addtimerLocked,addTimerLockEd
 /usr/local/go/src/runtime/time.go:#2853,func,deltimer,delTimer
 /usr/local/go/src/runtime/time.go:#3681,func,timerproc,timerProcess
 /usr/local/go/src/runtime/time.go:#4935,func,timejump,timeJump
 /usr/local/go/src/runtime/time.go:#5324,func,siftupTimer,siftUpTimer
 /usr/local/go/src/runtime/time.go:#5544,func,siftdownTimer,siftDownTimer
 /usr/local/go/src/runtime/traceback.go:#1798,func,tracebackinit,traceBackInit
 /usr/local/go/src/runtime/traceback.go:#2474,func,tracebackdefers,traceBackDefers
 /usr/local/go/src/runtime/traceback.go:#3449,func,gentraceback,genTraceBack
# /usr/local/go/src/runtime/traceback.go:#15355,func,setArgInfo,setArgInfo
 /usr/local/go/src/runtime/traceback.go:#16011,func,printcreatedby,printCreatedBy
 /usr/local/go/src/runtime/traceback.go:#16507,func,traceback,traceBack
 /usr/local/go/src/runtime/traceback.go:#17013,func,tracebacktrap,traceBacktrap
 /usr/local/go/src/runtime/traceback.go:#17120,func,traceback1,traceBack1
# /usr/local/go/src/runtime/traceback.go:#17831,func,callers,callers
 /usr/local/go/src/runtime/traceback.go:#18085,func,gcallers,gcAllers
 /usr/local/go/src/runtime/traceback.go:#18231,func,showframe,showFrame
# /usr/local/go/src/runtime/traceback.go:#18910,func,isExportedRuntime,isExportedRuntime
 /usr/local/go/src/runtime/traceback.go:#19529,func,goroutineheader,goroutineHeader
 /usr/local/go/src/runtime/traceback.go:#20447,func,tracebackothers,traceBackOthers
 /usr/local/go/src/runtime/traceback.go:#21162,func,topofstack,topOfStack
# /usr/local/go/src/runtime/typekind.go:#1256,func,isDirectIface,isDirectIface
